# JRE version: Java(TM) SE Runtime Environment (8.0_45-b14) (build 1.8.0_45-b14)
# Java VM: Java HotSpot(TM) 64-Bit Server VM (25.45-b02 mixed mode linux-amd64 compressed oops)
Heap:
 PSYoungGen      total 67584K, used 160K [0x00000000ec300000, 0x00000000f0c00000, 0x0000000100000000)
  eden space 60928K, 0% used [0x00000000ec300000,0x00000000ec300000,0x00000000efe80000)
  from space 6656K, 2% used [0x00000000efe80000,0x00000000efea8000,0x00000000f0500000)
  to   space 6144K, 0% used [0x00000000f0500000,0x00000000f0500000,0x00000000f0b00000)
 ParOldGen       total 40960K, used 7322K [0x00000000c4800000, 0x00000000c7000000, 0x00000000ec300000)
  object space 40960K, 17% used [0x00000000c4800000,0x00000000c4f26808,0x00000000c7000000)
 Metaspace       used 13733K, capacity 13926K, committed 14208K, reserved 1062912K
  class space    used 1573K, capacity 1635K, committed 1664K, reserved 1048576K
GC Heap History (10 events):
Event: 13,380 GC heap after
Heap after GC invocations=2 (full 0):
 PSYoungGen      total 17920K, used 2540K [0x00000000ec300000, 0x00000000ed700000, 0x0000000100000000)
  eden space 15360K, 0% used [0x00000000ec300000,0x00000000ec300000,0x00000000ed200000)
  from space 2560K, 99% used [0x00000000ed480000,0x00000000ed6fb1f8,0x00000000ed700000)
  to   space 2560K, 0% used [0x00000000ed200000,0x00000000ed200000,0x00000000ed480000)
 ParOldGen       total 40960K, used 1622K [0x00000000c4800000, 0x00000000c7000000, 0x00000000ec300000)
  object space 40960K, 3% used [0x00000000c4800000,0x00000000c49959b0,0x00000000c7000000)
 Metaspace       used 13723K, capacity 13926K, committed 14208K, reserved 1062912K
  class space    used 1573K, capacity 1635K, committed 1664K, reserved 1048576K
}
Event: 13,425 GC heap before
{Heap before GC invocations=3 (full 0):
 PSYoungGen      total 17920K, used 17403K [0x00000000ec300000, 0x00000000ed700000, 0x0000000100000000)
  eden space 15360K, 96% used [0x00000000ec300000,0x00000000ed183ae8,0x00000000ed200000)
  from space 2560K, 99% used [0x00000000ed480000,0x00000000ed6fb1f8,0x00000000ed700000)
  to   space 2560K, 0% used [0x00000000ed200000,0x00000000ed200000,0x00000000ed480000)
 ParOldGen       total 40960K, used 1622K [0x00000000c4800000, 0x00000000c7000000, 0x00000000ec300000)
  object space 40960K, 3% used [0x00000000c4800000,0x00000000c49959b0,0x00000000c7000000)
 Metaspace       used 13729K, capacity 13926K, committed 14208K, reserved 1062912K
  class space    used 1573K, capacity 1635K, committed 1664K, reserved 1048576K
Event: 13,429 GC heap after
Heap after GC invocations=3 (full 0):
 PSYoungGen      total 17920K, used 2540K [0x00000000ec300000, 0x00000000ee600000, 0x0000000100000000)
  eden space 15360K, 0% used [0x00000000ec300000,0x00000000ec300000,0x00000000ed200000)
  from space 2560K, 99% used [0x00000000ed200000,0x00000000ed47b1f8,0x00000000ed480000)
  to   space 2560K, 0% used [0x00000000ee380000,0x00000000ee380000,0x00000000ee600000)
 ParOldGen       total 40960K, used 1662K [0x00000000c4800000, 0x00000000c7000000, 0x00000000ec300000)
  object space 40960K, 4% used [0x00000000c4800000,0x00000000c499f9b0,0x00000000c7000000)
 Metaspace       used 13729K, capacity 13926K, committed 14208K, reserved 1062912K
  class space    used 1573K, capacity 1635K, committed 1664K, reserved 1048576K
}
Event: 13,462 GC heap before
{Heap before GC invocations=4 (full 0):
 PSYoungGen      total 17920K, used 17086K [0x00000000ec300000, 0x00000000ee600000, 0x0000000100000000)
  eden space 15360K, 94% used [0x00000000ec300000,0x00000000ed134900,0x00000000ed200000)
  from space 2560K, 99% used [0x00000000ed200000,0x00000000ed47b1f8,0x00000000ed480000)
  to   space 2560K, 0% used [0x00000000ee380000,0x00000000ee380000,0x00000000ee600000)
 ParOldGen       total 40960K, used 1662K [0x00000000c4800000, 0x00000000c7000000, 0x00000000ec300000)
  object space 40960K, 4% used [0x00000000c4800000,0x00000000c499f9b0,0x00000000c7000000)
 Metaspace       used 13729K, capacity 13926K, committed 14208K, reserved 1062912K
  class space    used 1573K, capacity 1635K, committed 1664K, reserved 1048576K
Event: 13,497 GC heap after
Heap after GC invocations=4 (full 0):
 PSYoungGen      total 33280K, used 2556K [0x00000000ec300000, 0x00000000ee600000, 0x0000000100000000)
  eden space 30720K, 0% used [0x00000000ec300000,0x00000000ec300000,0x00000000ee100000)
  from space 2560K, 99% used [0x00000000ee380000,0x00000000ee5ff208,0x00000000ee600000)
  to   space 2560K, 0% used [0x00000000ee100000,0x00000000ee100000,0x00000000ee380000)
 ParOldGen       total 40960K, used 1678K [0x00000000c4800000, 0x00000000c7000000, 0x00000000ec300000)
  object space 40960K, 4% used [0x00000000c4800000,0x00000000c49a39b0,0x00000000c7000000)
 Metaspace       used 13729K, capacity 13926K, committed 14208K, reserved 1062912K
  class space    used 1573K, capacity 1635K, committed 1664K, reserved 1048576K
}
Event: 13,568 GC heap before
{Heap before GC invocations=5 (full 0):
 PSYoungGen      total 33280K, used 33191K [0x00000000ec300000, 0x00000000ee600000, 0x0000000100000000)
  eden space 30720K, 99% used [0x00000000ec300000,0x00000000ee0eaca8,0x00000000ee100000)
  from space 2560K, 99% used [0x00000000ee380000,0x00000000ee5ff208,0x00000000ee600000)
  to   space 2560K, 0% used [0x00000000ee100000,0x00000000ee100000,0x00000000ee380000)
 ParOldGen       total 40960K, used 1678K [0x00000000c4800000, 0x00000000c7000000, 0x00000000ec300000)
  object space 40960K, 4% used [0x00000000c4800000,0x00000000c49a39b0,0x00000000c7000000)
 Metaspace       used 13730K, capacity 13926K, committed 14208K, reserved 1062912K
  class space    used 1573K, capacity 1635K, committed 1664K, reserved 1048576K
Event: 13,578 GC heap after
Heap after GC invocations=5 (full 0):
 PSYoungGen      total 33280K, used 2540K [0x00000000ec300000, 0x00000000f0b00000, 0x0000000100000000)
  eden space 30720K, 0% used [0x00000000ec300000,0x00000000ec300000,0x00000000ee100000)
  from space 2560K, 99% used [0x00000000ee100000,0x00000000ee37b218,0x00000000ee380000)
  to   space 6144K, 0% used [0x00000000f0500000,0x00000000f0500000,0x00000000f0b00000)
 ParOldGen       total 40960K, used 4831K [0x00000000c4800000, 0x00000000c7000000, 0x00000000ec300000)
  object space 40960K, 11% used [0x00000000c4800000,0x00000000c4cb7da0,0x00000000c7000000)
 Metaspace       used 13730K, capacity 13926K, committed 14208K, reserved 1062912K
  class space    used 1573K, capacity 1635K, committed 1664K, reserved 1048576K
}
Event: 13,680 GC heap before
{Heap before GC invocations=6 (full 0):
 PSYoungGen      total 33280K, used 33172K [0x00000000ec300000, 0x00000000f0b00000, 0x0000000100000000)
  eden space 30720K, 99% used [0x00000000ec300000,0x00000000ee0ea158,0x00000000ee100000)
  from space 2560K, 99% used [0x00000000ee100000,0x00000000ee37b218,0x00000000ee380000)
  to   space 6144K, 0% used [0x00000000f0500000,0x00000000f0500000,0x00000000f0b00000)
 ParOldGen       total 40960K, used 4831K [0x00000000c4800000, 0x00000000c7000000, 0x00000000ec300000)
  object space 40960K, 11% used [0x00000000c4800000,0x00000000c4cb7da0,0x00000000c7000000)
 Metaspace       used 13730K, capacity 13926K, committed 14208K, reserved 1062912K
  class space    used 1573K, capacity 1635K, committed 1664K, reserved 1048576K
Event: 13,687 GC heap after
Heap after GC invocations=6 (full 0):
 PSYoungGen      total 67072K, used 5637K [0x00000000ec300000, 0x00000000f0c00000, 0x0000000100000000)
  eden space 60928K, 0% used [0x00000000ec300000,0x00000000ec300000,0x00000000efe80000)
  from space 6144K, 91% used [0x00000000f0500000,0x00000000f0a81608,0x00000000f0b00000)
  to   space 6656K, 0% used [0x00000000efe80000,0x00000000efe80000,0x00000000f0500000)
 ParOldGen       total 40960K, used 4839K [0x00000000c4800000, 0x00000000c7000000, 0x00000000ec300000)
  object space 40960K, 11% used [0x00000000c4800000,0x00000000c4cb9da0,0x00000000c7000000)
 Metaspace       used 13730K, capacity 13926K, committed 14208K, reserved 1062912K
  class space    used 1573K, capacity 1635K, committed 1664K, reserved 1048576K
}
Event: 15,619 GC heap before
{Heap before GC invocations=7 (full 0):
 PSYoungGen      total 67072K, used 65351K [0x00000000ec300000, 0x00000000f0c00000, 0x0000000100000000)
  eden space 60928K, 98% used [0x00000000ec300000,0x00000000efd50950,0x00000000efe80000)
  from space 6144K, 91% used [0x00000000f0500000,0x00000000f0a81608,0x00000000f0b00000)
  to   space 6656K, 0% used [0x00000000efe80000,0x00000000efe80000,0x00000000f0500000)
 ParOldGen       total 40960K, used 4839K [0x00000000c4800000, 0x00000000c7000000, 0x00000000ec300000)
  object space 40960K, 11% used [0x00000000c4800000,0x00000000c4cb9da0,0x00000000c7000000)
 Metaspace       used 13733K, capacity 13926K, committed 14208K, reserved 1062912K
  class space    used 1573K, capacity 1635K, committed 1664K, reserved 1048576K

